[0.020s] Invoking command in '/home/schmelz/atmos-control/build/mpc_msgs': CMAKE_PREFIX_PATH=/opt/ros/humble VIRTUAL_ENV_PROMPT=(ros2_workspace) /usr/bin/cmake /home/schmelz/atmos-control/src/px4-mpc/mpc_msgs -DCMAKE_INSTALL_PREFIX=/home/schmelz/atmos-control/install/mpc_msgs
[0.149s] -- The C compiler identification is GNU 11.4.0
[1.028s] -- The CXX compiler identification is GNU 11.4.0
[2.003s] -- Detecting C compiler ABI info
[2.459s] -- Detecting C compiler ABI info - done
[2.481s] -- Check for working C compiler: /usr/bin/cc - skipped
[2.482s] -- Detecting C compile features
[2.489s] -- Detecting C compile features - done
[2.500s] -- Detecting CXX compiler ABI info
[2.929s] -- Detecting CXX compiler ABI info - done
[2.931s] -- Check for working CXX compiler: /usr/bin/c++ - skipped
[2.932s] -- Detecting CXX compile features
[2.933s] -- Detecting CXX compile features - done
[2.942s] -- Found ament_cmake: 1.3.14 (/opt/ros/humble/share/ament_cmake/cmake)
[3.020s] -- Found Python3: /home/schmelz/atmos-control/ros2_workspace/bin/python3 (found version "3.10.12") found components: Interpreter 
[3.087s] -- Found geometry_msgs: 4.9.1 (/opt/ros/humble/share/geometry_msgs/cmake)
[3.519s] -- Found rosidl_generator_c: 3.1.8 (/opt/ros/humble/share/rosidl_generator_c/cmake)
[3.533s] -- Found rosidl_adapter: 3.1.8 (/opt/ros/humble/share/rosidl_adapter/cmake)
[3.552s] -- Found rosidl_generator_cpp: 3.1.8 (/opt/ros/humble/share/rosidl_generator_cpp/cmake)
[3.580s] -- Using all available rosidl_typesupport_c: rosidl_typesupport_fastrtps_c;rosidl_typesupport_introspection_c
[3.625s] -- Using all available rosidl_typesupport_cpp: rosidl_typesupport_fastrtps_cpp;rosidl_typesupport_introspection_cpp
[3.733s] -- Found rosidl_default_generators: 1.2.1 (/opt/ros/humble/share/rosidl_default_generators/cmake)
[4.200s] -- Found ament_cmake_ros: 0.10.0 (/opt/ros/humble/share/ament_cmake_ros/cmake)
[4.794s] -- Using all available rosidl_typesupport_c: rosidl_typesupport_fastrtps_c;rosidl_typesupport_introspection_c
[5.028s] -- Using all available rosidl_typesupport_cpp: rosidl_typesupport_fastrtps_cpp;rosidl_typesupport_introspection_cpp
[5.245s] -- Found PythonInterp: /home/schmelz/atmos-control/ros2_workspace/bin/python3 (found suitable version "3.10.12", minimum required is "3.6") 
[5.262s] -- Found python_cmake_module: 0.10.0 (/opt/ros/humble/share/python_cmake_module/cmake)
[5.754s] -- Found PythonLibs: /usr/lib/x86_64-linux-gnu/libpython3.10.so (found suitable version "3.10.12", minimum required is "3.5") 
[5.754s] -- Using PYTHON_EXECUTABLE: /home/schmelz/atmos-control/ros2_workspace/bin/python3
[5.754s] -- Using PYTHON_INCLUDE_DIRS: /usr/include/python3.10
[5.755s] -- Using PYTHON_LIBRARIES: /usr/lib/x86_64-linux-gnu/libpython3.10.so
[5.773s] -- Found PythonExtra: .so  
[5.987s] -- Found ament_lint_auto: 0.12.15 (/opt/ros/humble/share/ament_lint_auto/cmake)
[6.024s] -- Added test 'lint_cmake' to check CMake code style
[6.027s] -- Added test 'xmllint' to check XML markup files
[6.032s] -- Configuring done
[6.086s] -- Generating done
[6.101s] -- Build files have been written to: /home/schmelz/atmos-control/build/mpc_msgs
[6.112s] Invoked command in '/home/schmelz/atmos-control/build/mpc_msgs' returned '0': CMAKE_PREFIX_PATH=/opt/ros/humble VIRTUAL_ENV_PROMPT=(ros2_workspace) /usr/bin/cmake /home/schmelz/atmos-control/src/px4-mpc/mpc_msgs -DCMAKE_INSTALL_PREFIX=/home/schmelz/atmos-control/install/mpc_msgs
[6.114s] Invoking command in '/home/schmelz/atmos-control/build/mpc_msgs': CMAKE_PREFIX_PATH=/opt/ros/humble VIRTUAL_ENV_PROMPT=(ros2_workspace) /usr/bin/cmake --build /home/schmelz/atmos-control/build/mpc_msgs -- -j12 -l12
[6.163s] [  3%] [34m[1mGenerating C code for ROS interfaces[0m
[6.172s] [  6%] [34m[1mGenerating Rust code for ROS interfaces[0m
[6.175s] [  9%] [34m[1mGenerating C++ code for ROS interfaces[0m
[6.185s] [  9%] Built target ament_cmake_python_copy_mpc_msgs
[6.540s] running egg_info
[6.542s] creating mpc_msgs.egg-info
[6.543s] writing mpc_msgs.egg-info/PKG-INFO
[6.544s] writing dependency_links to mpc_msgs.egg-info/dependency_links.txt
[6.544s] writing top-level names to mpc_msgs.egg-info/top_level.txt
[6.545s] writing manifest file 'mpc_msgs.egg-info/SOURCES.txt'
[6.548s] reading manifest file 'mpc_msgs.egg-info/SOURCES.txt'
[6.548s] writing manifest file 'mpc_msgs.egg-info/SOURCES.txt'
[6.601s] [  9%] Built target ament_cmake_python_build_mpc_msgs_egg
[6.676s] [  9%] Built target mpc_msgs__rs
[6.713s] [  9%] Built target mpc_msgs__cpp
[6.725s] [ 12%] [34m[1mGenerating C++ type support for eProsima Fast-RTPS[0m
[6.730s] [ 15%] [32mBuilding C object CMakeFiles/mpc_msgs__rosidl_generator_c.dir/rosidl_generator_c/mpc_msgs/srv/detail/set_pose__functions.c.o[0m
[6.735s] [ 18%] [34m[1mGenerating C++ introspection for ROS interfaces[0m
[6.737s] [ 21%] [34m[1mGenerating C++ type support dispatch for ROS interfaces[0m
[6.920s] [ 25%] [32m[1mLinking C shared library libmpc_msgs__rosidl_generator_c.so[0m
[7.229s] [ 28%] [32mBuilding CXX object CMakeFiles/mpc_msgs__rosidl_typesupport_cpp.dir/rosidl_typesupport_cpp/mpc_msgs/srv/set_pose__type_support.cpp.o[0m
[7.242s] [ 31%] [32mBuilding CXX object CMakeFiles/mpc_msgs__rosidl_typesupport_introspection_cpp.dir/rosidl_typesupport_introspection_cpp/mpc_msgs/srv/detail/set_pose__type_support.cpp.o[0m
[7.251s] [ 31%] Built target mpc_msgs__rosidl_generator_c
[7.268s] [ 34%] [34m[1mGenerating C type support for eProsima Fast-RTPS[0m
[7.268s] [ 37%] [34m[1mGenerating C type support dispatch for ROS interfaces[0m
[7.271s] [ 40%] [34m[1mGenerating C introspection for ROS interfaces[0m
[7.294s] [ 43%] [32mBuilding CXX object CMakeFiles/mpc_msgs__rosidl_typesupport_fastrtps_cpp.dir/rosidl_typesupport_fastrtps_cpp/mpc_msgs/srv/detail/dds_fastrtps/set_pose__type_support.cpp.o[0m
[7.736s] [ 46%] [32mBuilding CXX object CMakeFiles/mpc_msgs__rosidl_typesupport_c.dir/rosidl_typesupport_c/mpc_msgs/srv/set_pose__type_support.cpp.o[0m
[7.803s] [ 50%] [32m[1mLinking CXX shared library libmpc_msgs__rosidl_typesupport_c.so[0m
[7.827s] [ 53%] [32mBuilding CXX object CMakeFiles/mpc_msgs__rosidl_typesupport_fastrtps_c.dir/rosidl_typesupport_fastrtps_c/mpc_msgs/srv/detail/set_pose__type_support_c.cpp.o[0m
[7.903s] [ 56%] [32mBuilding C object CMakeFiles/mpc_msgs__rosidl_typesupport_introspection_c.dir/rosidl_typesupport_introspection_c/mpc_msgs/srv/detail/set_pose__type_support.c.o[0m
[7.912s] [ 59%] [32m[1mLinking CXX shared library libmpc_msgs__rosidl_typesupport_cpp.so[0m
[8.003s] [ 62%] [32m[1mLinking C shared library libmpc_msgs__rosidl_typesupport_introspection_c.so[0m
[8.194s] [ 62%] Built target mpc_msgs__rosidl_typesupport_c
[8.205s] [ 65%] [32m[1mLinking CXX shared library libmpc_msgs__rosidl_typesupport_introspection_cpp.so[0m
[8.228s] [ 68%] [32m[1mLinking CXX shared library libmpc_msgs__rosidl_typesupport_fastrtps_cpp.so[0m
[8.269s] [ 68%] Built target mpc_msgs__rosidl_typesupport_cpp
[8.320s] [ 68%] Built target mpc_msgs__rosidl_typesupport_introspection_c
[8.392s] [ 71%] [32m[1mLinking CXX shared library libmpc_msgs__rosidl_typesupport_fastrtps_c.so[0m
[8.482s] [ 71%] Built target mpc_msgs__rosidl_typesupport_introspection_cpp
[8.509s] [ 71%] Built target mpc_msgs__rosidl_typesupport_fastrtps_cpp
[8.616s] [ 71%] Built target mpc_msgs__rosidl_typesupport_fastrtps_c
[8.634s] [ 71%] Built target mpc_msgs
[8.653s] [ 75%] [34m[1mGenerating Python code for ROS interfaces[0m
[9.043s] [ 75%] Built target mpc_msgs__py
[9.065s] [ 78%] [32mBuilding C object CMakeFiles/mpc_msgs__rosidl_generator_py.dir/rosidl_generator_py/mpc_msgs/srv/_set_pose_s.c.o[0m
[9.244s] [ 81%] [32m[1mLinking C shared library rosidl_generator_py/mpc_msgs/libmpc_msgs__rosidl_generator_py.so[0m
[9.411s] [ 81%] Built target mpc_msgs__rosidl_generator_py
[9.433s] [ 90%] [32mBuilding C object CMakeFiles/mpc_msgs__rosidl_typesupport_introspection_c__pyext.dir/rosidl_generator_py/mpc_msgs/_mpc_msgs_s.ep.rosidl_typesupport_introspection_c.c.o[0m
[9.433s] [ 90%] [32mBuilding C object CMakeFiles/mpc_msgs__rosidl_typesupport_c__pyext.dir/rosidl_generator_py/mpc_msgs/_mpc_msgs_s.ep.rosidl_typesupport_c.c.o[0m
[9.434s] [ 90%] [32mBuilding C object CMakeFiles/mpc_msgs__rosidl_typesupport_fastrtps_c__pyext.dir/rosidl_generator_py/mpc_msgs/_mpc_msgs_s.ep.rosidl_typesupport_fastrtps_c.c.o[0m
[9.559s] [ 93%] [32m[1mLinking C shared library rosidl_generator_py/mpc_msgs/mpc_msgs_s__rosidl_typesupport_c.cpython-310-x86_64-linux-gnu.so[0m
[9.563s] [ 96%] [32m[1mLinking C shared library rosidl_generator_py/mpc_msgs/mpc_msgs_s__rosidl_typesupport_introspection_c.cpython-310-x86_64-linux-gnu.so[0m
[9.566s] [100%] [32m[1mLinking C shared library rosidl_generator_py/mpc_msgs/mpc_msgs_s__rosidl_typesupport_fastrtps_c.cpython-310-x86_64-linux-gnu.so[0m
[9.675s] [100%] Built target mpc_msgs__rosidl_typesupport_introspection_c__pyext
[9.681s] [100%] Built target mpc_msgs__rosidl_typesupport_fastrtps_c__pyext
[9.683s] [100%] Built target mpc_msgs__rosidl_typesupport_c__pyext
[9.695s] Invoked command in '/home/schmelz/atmos-control/build/mpc_msgs' returned '0': CMAKE_PREFIX_PATH=/opt/ros/humble VIRTUAL_ENV_PROMPT=(ros2_workspace) /usr/bin/cmake --build /home/schmelz/atmos-control/build/mpc_msgs -- -j12 -l12
[9.699s] Invoking command in '/home/schmelz/atmos-control/build/mpc_msgs': CMAKE_PREFIX_PATH=/opt/ros/humble VIRTUAL_ENV_PROMPT=(ros2_workspace) /usr/bin/cmake --install /home/schmelz/atmos-control/build/mpc_msgs
[9.707s] -- Install configuration: ""
[9.708s] -- Installing: /home/schmelz/atmos-control/install/mpc_msgs/share/ament_index/resource_index/rosidl_interfaces/mpc_msgs
[9.708s] -- Installing: /home/schmelz/atmos-control/install/mpc_msgs/include/mpc_msgs/mpc_msgs
[9.709s] -- Installing: /home/schmelz/atmos-control/install/mpc_msgs/include/mpc_msgs/mpc_msgs/srv
[9.709s] -- Installing: /home/schmelz/atmos-control/install/mpc_msgs/include/mpc_msgs/mpc_msgs/srv/set_pose.h
[9.709s] -- Installing: /home/schmelz/atmos-control/install/mpc_msgs/include/mpc_msgs/mpc_msgs/srv/detail
[9.709s] -- Installing: /home/schmelz/atmos-control/install/mpc_msgs/include/mpc_msgs/mpc_msgs/srv/detail/set_pose__struct.h
[9.709s] -- Installing: /home/schmelz/atmos-control/install/mpc_msgs/include/mpc_msgs/mpc_msgs/srv/detail/set_pose__functions.c
[9.709s] -- Installing: /home/schmelz/atmos-control/install/mpc_msgs/include/mpc_msgs/mpc_msgs/srv/detail/set_pose__functions.h
[9.710s] -- Installing: /home/schmelz/atmos-control/install/mpc_msgs/include/mpc_msgs/mpc_msgs/srv/detail/set_pose__type_support.h
[9.710s] -- Installing: /home/schmelz/atmos-control/install/mpc_msgs/include/mpc_msgs/mpc_msgs/msg
[9.710s] -- Installing: /home/schmelz/atmos-control/install/mpc_msgs/include/mpc_msgs/mpc_msgs/msg/rosidl_generator_c__visibility_control.h
[9.710s] -- Installing: /home/schmelz/atmos-control/install/mpc_msgs/share/mpc_msgs/environment/library_path.sh
[9.710s] -- Installing: /home/schmelz/atmos-control/install/mpc_msgs/share/mpc_msgs/environment/library_path.dsv
[9.710s] -- Installing: /home/schmelz/atmos-control/install/mpc_msgs/lib/libmpc_msgs__rosidl_generator_c.so
[9.711s] -- Set runtime path of "/home/schmelz/atmos-control/install/mpc_msgs/lib/libmpc_msgs__rosidl_generator_c.so" to ""
[9.711s] -- Up-to-date: /home/schmelz/atmos-control/install/mpc_msgs/include/mpc_msgs/mpc_msgs
[9.711s] -- Up-to-date: /home/schmelz/atmos-control/install/mpc_msgs/include/mpc_msgs/mpc_msgs/srv
[9.712s] -- Up-to-date: /home/schmelz/atmos-control/install/mpc_msgs/include/mpc_msgs/mpc_msgs/srv/detail
[9.712s] -- Installing: /home/schmelz/atmos-control/install/mpc_msgs/include/mpc_msgs/mpc_msgs/srv/detail/set_pose__rosidl_typesupport_fastrtps_c.h
[9.712s] -- Up-to-date: /home/schmelz/atmos-control/install/mpc_msgs/include/mpc_msgs/mpc_msgs/msg
[9.712s] -- Installing: /home/schmelz/atmos-control/install/mpc_msgs/include/mpc_msgs/mpc_msgs/msg/rosidl_typesupport_fastrtps_c__visibility_control.h
[9.712s] -- Installing: /home/schmelz/atmos-control/install/mpc_msgs/lib/libmpc_msgs__rosidl_typesupport_fastrtps_c.so
[9.713s] -- Set runtime path of "/home/schmelz/atmos-control/install/mpc_msgs/lib/libmpc_msgs__rosidl_typesupport_fastrtps_c.so" to ""
[9.713s] -- Up-to-date: /home/schmelz/atmos-control/install/mpc_msgs/include/mpc_msgs/mpc_msgs
[9.713s] -- Up-to-date: /home/schmelz/atmos-control/install/mpc_msgs/include/mpc_msgs/mpc_msgs/srv
[9.714s] -- Up-to-date: /home/schmelz/atmos-control/install/mpc_msgs/include/mpc_msgs/mpc_msgs/srv/detail
[9.714s] -- Installing: /home/schmelz/atmos-control/install/mpc_msgs/include/mpc_msgs/mpc_msgs/srv/detail/set_pose__type_support.hpp
[9.715s] -- Installing: /home/schmelz/atmos-control/install/mpc_msgs/include/mpc_msgs/mpc_msgs/srv/detail/set_pose__builder.hpp
[9.715s] -- Installing: /home/schmelz/atmos-control/install/mpc_msgs/include/mpc_msgs/mpc_msgs/srv/detail/set_pose__traits.hpp
[9.715s] -- Installing: /home/schmelz/atmos-control/install/mpc_msgs/include/mpc_msgs/mpc_msgs/srv/detail/set_pose__struct.hpp
[9.715s] -- Installing: /home/schmelz/atmos-control/install/mpc_msgs/include/mpc_msgs/mpc_msgs/srv/set_pose.hpp
[9.715s] -- Up-to-date: /home/schmelz/atmos-control/install/mpc_msgs/include/mpc_msgs/mpc_msgs/msg
[9.716s] -- Installing: /home/schmelz/atmos-control/install/mpc_msgs/include/mpc_msgs/mpc_msgs/msg/rosidl_generator_cpp__visibility_control.hpp
[9.716s] -- Up-to-date: /home/schmelz/atmos-control/install/mpc_msgs/include/mpc_msgs/mpc_msgs
[9.716s] -- Up-to-date: /home/schmelz/atmos-control/install/mpc_msgs/include/mpc_msgs/mpc_msgs/srv
[9.716s] -- Up-to-date: /home/schmelz/atmos-control/install/mpc_msgs/include/mpc_msgs/mpc_msgs/srv/detail
[9.717s] -- Installing: /home/schmelz/atmos-control/install/mpc_msgs/include/mpc_msgs/mpc_msgs/srv/detail/set_pose__rosidl_typesupport_fastrtps_cpp.hpp
[9.717s] -- Installing: /home/schmelz/atmos-control/install/mpc_msgs/include/mpc_msgs/mpc_msgs/srv/detail/dds_fastrtps
[9.717s] -- Up-to-date: /home/schmelz/atmos-control/install/mpc_msgs/include/mpc_msgs/mpc_msgs/msg
[9.717s] -- Installing: /home/schmelz/atmos-control/install/mpc_msgs/include/mpc_msgs/mpc_msgs/msg/rosidl_typesupport_fastrtps_cpp__visibility_control.h
[9.717s] -- Installing: /home/schmelz/atmos-control/install/mpc_msgs/lib/libmpc_msgs__rosidl_typesupport_fastrtps_cpp.so
[9.717s] -- Set runtime path of "/home/schmelz/atmos-control/install/mpc_msgs/lib/libmpc_msgs__rosidl_typesupport_fastrtps_cpp.so" to ""
[9.718s] -- Up-to-date: /home/schmelz/atmos-control/install/mpc_msgs/include/mpc_msgs/mpc_msgs
[9.718s] -- Up-to-date: /home/schmelz/atmos-control/install/mpc_msgs/include/mpc_msgs/mpc_msgs/srv
[9.718s] -- Up-to-date: /home/schmelz/atmos-control/install/mpc_msgs/include/mpc_msgs/mpc_msgs/srv/detail
[9.719s] -- Installing: /home/schmelz/atmos-control/install/mpc_msgs/include/mpc_msgs/mpc_msgs/srv/detail/set_pose__type_support.c
[9.719s] -- Installing: /home/schmelz/atmos-control/install/mpc_msgs/include/mpc_msgs/mpc_msgs/srv/detail/set_pose__rosidl_typesupport_introspection_c.h
[9.719s] -- Up-to-date: /home/schmelz/atmos-control/install/mpc_msgs/include/mpc_msgs/mpc_msgs/msg
[9.719s] -- Installing: /home/schmelz/atmos-control/install/mpc_msgs/include/mpc_msgs/mpc_msgs/msg/rosidl_typesupport_introspection_c__visibility_control.h
[9.720s] -- Installing: /home/schmelz/atmos-control/install/mpc_msgs/lib/libmpc_msgs__rosidl_typesupport_introspection_c.so
[9.720s] -- Set runtime path of "/home/schmelz/atmos-control/install/mpc_msgs/lib/libmpc_msgs__rosidl_typesupport_introspection_c.so" to ""
[9.720s] -- Installing: /home/schmelz/atmos-control/install/mpc_msgs/lib/libmpc_msgs__rosidl_typesupport_c.so
[9.720s] -- Set runtime path of "/home/schmelz/atmos-control/install/mpc_msgs/lib/libmpc_msgs__rosidl_typesupport_c.so" to ""
[9.720s] -- Up-to-date: /home/schmelz/atmos-control/install/mpc_msgs/include/mpc_msgs/mpc_msgs
[9.720s] -- Up-to-date: /home/schmelz/atmos-control/install/mpc_msgs/include/mpc_msgs/mpc_msgs/srv
[9.721s] -- Up-to-date: /home/schmelz/atmos-control/install/mpc_msgs/include/mpc_msgs/mpc_msgs/srv/detail
[9.721s] -- Installing: /home/schmelz/atmos-control/install/mpc_msgs/include/mpc_msgs/mpc_msgs/srv/detail/set_pose__type_support.cpp
[9.721s] -- Installing: /home/schmelz/atmos-control/install/mpc_msgs/include/mpc_msgs/mpc_msgs/srv/detail/set_pose__rosidl_typesupport_introspection_cpp.hpp
[9.721s] -- Installing: /home/schmelz/atmos-control/install/mpc_msgs/lib/libmpc_msgs__rosidl_typesupport_introspection_cpp.so
[9.721s] -- Set runtime path of "/home/schmelz/atmos-control/install/mpc_msgs/lib/libmpc_msgs__rosidl_typesupport_introspection_cpp.so" to ""
[9.722s] -- Installing: /home/schmelz/atmos-control/install/mpc_msgs/lib/libmpc_msgs__rosidl_typesupport_cpp.so
[9.722s] -- Set runtime path of "/home/schmelz/atmos-control/install/mpc_msgs/lib/libmpc_msgs__rosidl_typesupport_cpp.so" to ""
[9.722s] -- Installing: /home/schmelz/atmos-control/install/mpc_msgs/share/mpc_msgs/environment/pythonpath.sh
[9.722s] -- Installing: /home/schmelz/atmos-control/install/mpc_msgs/share/mpc_msgs/environment/pythonpath.dsv
[9.722s] -- Installing: /home/schmelz/atmos-control/install/mpc_msgs/lib/python3.10/site-packages/mpc_msgs-0.0.0-py3.10.egg-info
[9.722s] -- Installing: /home/schmelz/atmos-control/install/mpc_msgs/lib/python3.10/site-packages/mpc_msgs-0.0.0-py3.10.egg-info/SOURCES.txt
[9.722s] -- Installing: /home/schmelz/atmos-control/install/mpc_msgs/lib/python3.10/site-packages/mpc_msgs-0.0.0-py3.10.egg-info/dependency_links.txt
[9.722s] -- Installing: /home/schmelz/atmos-control/install/mpc_msgs/lib/python3.10/site-packages/mpc_msgs-0.0.0-py3.10.egg-info/top_level.txt
[9.722s] -- Installing: /home/schmelz/atmos-control/install/mpc_msgs/lib/python3.10/site-packages/mpc_msgs-0.0.0-py3.10.egg-info/PKG-INFO
[9.722s] -- Installing: /home/schmelz/atmos-control/install/mpc_msgs/lib/python3.10/site-packages/mpc_msgs
[9.723s] -- Installing: /home/schmelz/atmos-control/install/mpc_msgs/lib/python3.10/site-packages/mpc_msgs/_mpc_msgs_s.ep.rosidl_typesupport_fastrtps_c.c
[9.723s] -- Installing: /home/schmelz/atmos-control/install/mpc_msgs/lib/python3.10/site-packages/mpc_msgs/mpc_msgs_s__rosidl_typesupport_fastrtps_c.cpython-310-x86_64-linux-gnu.so
[9.723s] -- Installing: /home/schmelz/atmos-control/install/mpc_msgs/lib/python3.10/site-packages/mpc_msgs/_mpc_msgs_s.ep.rosidl_typesupport_c.c
[9.723s] -- Installing: /home/schmelz/atmos-control/install/mpc_msgs/lib/python3.10/site-packages/mpc_msgs/mpc_msgs_s__rosidl_typesupport_introspection_c.cpython-310-x86_64-linux-gnu.so
[9.723s] -- Installing: /home/schmelz/atmos-control/install/mpc_msgs/lib/python3.10/site-packages/mpc_msgs/libmpc_msgs__rosidl_generator_py.so
[9.723s] -- Installing: /home/schmelz/atmos-control/install/mpc_msgs/lib/python3.10/site-packages/mpc_msgs/srv
[9.723s] -- Installing: /home/schmelz/atmos-control/install/mpc_msgs/lib/python3.10/site-packages/mpc_msgs/srv/_set_pose_s.c
[9.723s] -- Installing: /home/schmelz/atmos-control/install/mpc_msgs/lib/python3.10/site-packages/mpc_msgs/srv/_set_pose.py
[9.723s] -- Installing: /home/schmelz/atmos-control/install/mpc_msgs/lib/python3.10/site-packages/mpc_msgs/srv/__init__.py
[9.723s] -- Installing: /home/schmelz/atmos-control/install/mpc_msgs/lib/python3.10/site-packages/mpc_msgs/mpc_msgs_s__rosidl_typesupport_c.cpython-310-x86_64-linux-gnu.so
[9.723s] -- Installing: /home/schmelz/atmos-control/install/mpc_msgs/lib/python3.10/site-packages/mpc_msgs/_mpc_msgs_s.ep.rosidl_typesupport_introspection_c.c
[9.723s] -- Installing: /home/schmelz/atmos-control/install/mpc_msgs/lib/python3.10/site-packages/mpc_msgs/__init__.py
[9.758s] Listing '/home/schmelz/atmos-control/install/mpc_msgs/lib/python3.10/site-packages/mpc_msgs'...
[9.758s] Compiling '/home/schmelz/atmos-control/install/mpc_msgs/lib/python3.10/site-packages/mpc_msgs/__init__.py'...
[9.758s] Listing '/home/schmelz/atmos-control/install/mpc_msgs/lib/python3.10/site-packages/mpc_msgs/srv'...
[9.758s] Compiling '/home/schmelz/atmos-control/install/mpc_msgs/lib/python3.10/site-packages/mpc_msgs/srv/__init__.py'...
[9.758s] Compiling '/home/schmelz/atmos-control/install/mpc_msgs/lib/python3.10/site-packages/mpc_msgs/srv/_set_pose.py'...
[9.764s] -- Installing: /home/schmelz/atmos-control/install/mpc_msgs/lib/python3.10/site-packages/mpc_msgs/mpc_msgs_s__rosidl_typesupport_fastrtps_c.cpython-310-x86_64-linux-gnu.so
[9.764s] -- Set runtime path of "/home/schmelz/atmos-control/install/mpc_msgs/lib/python3.10/site-packages/mpc_msgs/mpc_msgs_s__rosidl_typesupport_fastrtps_c.cpython-310-x86_64-linux-gnu.so" to ""
[9.765s] -- Installing: /home/schmelz/atmos-control/install/mpc_msgs/lib/python3.10/site-packages/mpc_msgs/mpc_msgs_s__rosidl_typesupport_introspection_c.cpython-310-x86_64-linux-gnu.so
[9.765s] -- Set runtime path of "/home/schmelz/atmos-control/install/mpc_msgs/lib/python3.10/site-packages/mpc_msgs/mpc_msgs_s__rosidl_typesupport_introspection_c.cpython-310-x86_64-linux-gnu.so" to ""
[9.765s] -- Installing: /home/schmelz/atmos-control/install/mpc_msgs/lib/python3.10/site-packages/mpc_msgs/mpc_msgs_s__rosidl_typesupport_c.cpython-310-x86_64-linux-gnu.so
[9.765s] -- Set runtime path of "/home/schmelz/atmos-control/install/mpc_msgs/lib/python3.10/site-packages/mpc_msgs/mpc_msgs_s__rosidl_typesupport_c.cpython-310-x86_64-linux-gnu.so" to ""
[9.765s] -- Installing: /home/schmelz/atmos-control/install/mpc_msgs/lib/libmpc_msgs__rosidl_generator_py.so
[9.766s] -- Set runtime path of "/home/schmelz/atmos-control/install/mpc_msgs/lib/libmpc_msgs__rosidl_generator_py.so" to ""
[9.766s] -- Installing: /home/schmelz/atmos-control/install/mpc_msgs/share/ament_index/resource_index/rust_packages/mpc_msgs
[9.766s] -- Installing: /home/schmelz/atmos-control/install/mpc_msgs/share/mpc_msgs/rust
[9.767s] -- Installing: /home/schmelz/atmos-control/install/mpc_msgs/share/mpc_msgs/rust/Cargo.toml
[9.767s] -- Installing: /home/schmelz/atmos-control/install/mpc_msgs/share/mpc_msgs/rust/src
[9.767s] -- Installing: /home/schmelz/atmos-control/install/mpc_msgs/share/mpc_msgs/rust/src/srv.rs
[9.768s] -- Installing: /home/schmelz/atmos-control/install/mpc_msgs/share/mpc_msgs/rust/src/lib.rs
[9.768s] -- Installing: /home/schmelz/atmos-control/install/mpc_msgs/share/mpc_msgs/rust/src/srv
[9.768s] -- Installing: /home/schmelz/atmos-control/install/mpc_msgs/share/mpc_msgs/rust/src/srv/rmw.rs
[9.769s] -- Installing: /home/schmelz/atmos-control/install/mpc_msgs/share/mpc_msgs/rust/build.rs
[9.770s] -- Installing: /home/schmelz/atmos-control/install/mpc_msgs/share/mpc_msgs/srv/SetPose.idl
[9.771s] -- Installing: /home/schmelz/atmos-control/install/mpc_msgs/share/mpc_msgs/srv/SetPose.srv
[9.771s] -- Installing: /home/schmelz/atmos-control/install/mpc_msgs/share/mpc_msgs/srv/SetPose_Request.msg
[9.772s] -- Installing: /home/schmelz/atmos-control/install/mpc_msgs/share/mpc_msgs/srv/SetPose_Response.msg
[9.772s] -- Installing: /home/schmelz/atmos-control/install/mpc_msgs/share/ament_index/resource_index/package_run_dependencies/mpc_msgs
[9.772s] -- Installing: /home/schmelz/atmos-control/install/mpc_msgs/share/ament_index/resource_index/parent_prefix_path/mpc_msgs
[9.772s] -- Installing: /home/schmelz/atmos-control/install/mpc_msgs/share/mpc_msgs/environment/ament_prefix_path.sh
[9.773s] -- Installing: /home/schmelz/atmos-control/install/mpc_msgs/share/mpc_msgs/environment/ament_prefix_path.dsv
[9.773s] -- Installing: /home/schmelz/atmos-control/install/mpc_msgs/share/mpc_msgs/environment/path.sh
[9.773s] -- Installing: /home/schmelz/atmos-control/install/mpc_msgs/share/mpc_msgs/environment/path.dsv
[9.773s] -- Installing: /home/schmelz/atmos-control/install/mpc_msgs/share/mpc_msgs/local_setup.bash
[9.773s] -- Installing: /home/schmelz/atmos-control/install/mpc_msgs/share/mpc_msgs/local_setup.sh
[9.774s] -- Installing: /home/schmelz/atmos-control/install/mpc_msgs/share/mpc_msgs/local_setup.zsh
[9.774s] -- Installing: /home/schmelz/atmos-control/install/mpc_msgs/share/mpc_msgs/local_setup.dsv
[9.774s] -- Installing: /home/schmelz/atmos-control/install/mpc_msgs/share/mpc_msgs/package.dsv
[9.774s] -- Installing: /home/schmelz/atmos-control/install/mpc_msgs/share/ament_index/resource_index/packages/mpc_msgs
[9.775s] -- Installing: /home/schmelz/atmos-control/install/mpc_msgs/share/mpc_msgs/cmake/export_mpc_msgs__rosidl_generator_cExport.cmake
[9.775s] -- Installing: /home/schmelz/atmos-control/install/mpc_msgs/share/mpc_msgs/cmake/export_mpc_msgs__rosidl_generator_cExport-noconfig.cmake
[9.775s] -- Installing: /home/schmelz/atmos-control/install/mpc_msgs/share/mpc_msgs/cmake/export_mpc_msgs__rosidl_typesupport_fastrtps_cExport.cmake
[9.775s] -- Installing: /home/schmelz/atmos-control/install/mpc_msgs/share/mpc_msgs/cmake/export_mpc_msgs__rosidl_typesupport_fastrtps_cExport-noconfig.cmake
[9.775s] -- Installing: /home/schmelz/atmos-control/install/mpc_msgs/share/mpc_msgs/cmake/export_mpc_msgs__rosidl_generator_cppExport.cmake
[9.776s] -- Installing: /home/schmelz/atmos-control/install/mpc_msgs/share/mpc_msgs/cmake/export_mpc_msgs__rosidl_typesupport_fastrtps_cppExport.cmake
[9.776s] -- Installing: /home/schmelz/atmos-control/install/mpc_msgs/share/mpc_msgs/cmake/export_mpc_msgs__rosidl_typesupport_fastrtps_cppExport-noconfig.cmake
[9.776s] -- Installing: /home/schmelz/atmos-control/install/mpc_msgs/share/mpc_msgs/cmake/mpc_msgs__rosidl_typesupport_introspection_cExport.cmake
[9.776s] -- Installing: /home/schmelz/atmos-control/install/mpc_msgs/share/mpc_msgs/cmake/mpc_msgs__rosidl_typesupport_introspection_cExport-noconfig.cmake
[9.776s] -- Installing: /home/schmelz/atmos-control/install/mpc_msgs/share/mpc_msgs/cmake/mpc_msgs__rosidl_typesupport_cExport.cmake
[9.777s] -- Installing: /home/schmelz/atmos-control/install/mpc_msgs/share/mpc_msgs/cmake/mpc_msgs__rosidl_typesupport_cExport-noconfig.cmake
[9.778s] -- Installing: /home/schmelz/atmos-control/install/mpc_msgs/share/mpc_msgs/cmake/mpc_msgs__rosidl_typesupport_introspection_cppExport.cmake
[9.778s] -- Installing: /home/schmelz/atmos-control/install/mpc_msgs/share/mpc_msgs/cmake/mpc_msgs__rosidl_typesupport_introspection_cppExport-noconfig.cmake
[9.779s] -- Installing: /home/schmelz/atmos-control/install/mpc_msgs/share/mpc_msgs/cmake/mpc_msgs__rosidl_typesupport_cppExport.cmake
[9.779s] -- Installing: /home/schmelz/atmos-control/install/mpc_msgs/share/mpc_msgs/cmake/mpc_msgs__rosidl_typesupport_cppExport-noconfig.cmake
[9.779s] -- Installing: /home/schmelz/atmos-control/install/mpc_msgs/share/mpc_msgs/cmake/export_mpc_msgs__rosidl_generator_pyExport.cmake
[9.779s] -- Installing: /home/schmelz/atmos-control/install/mpc_msgs/share/mpc_msgs/cmake/export_mpc_msgs__rosidl_generator_pyExport-noconfig.cmake
[9.779s] -- Installing: /home/schmelz/atmos-control/install/mpc_msgs/share/mpc_msgs/cmake/rosidl_cmake-extras.cmake
[9.780s] -- Installing: /home/schmelz/atmos-control/install/mpc_msgs/share/mpc_msgs/cmake/ament_cmake_export_dependencies-extras.cmake
[9.780s] -- Installing: /home/schmelz/atmos-control/install/mpc_msgs/share/mpc_msgs/cmake/ament_cmake_export_include_directories-extras.cmake
[9.780s] -- Installing: /home/schmelz/atmos-control/install/mpc_msgs/share/mpc_msgs/cmake/ament_cmake_export_libraries-extras.cmake
[9.780s] -- Installing: /home/schmelz/atmos-control/install/mpc_msgs/share/mpc_msgs/cmake/ament_cmake_export_targets-extras.cmake
[9.780s] -- Installing: /home/schmelz/atmos-control/install/mpc_msgs/share/mpc_msgs/cmake/rosidl_cmake_export_typesupport_targets-extras.cmake
[9.780s] -- Installing: /home/schmelz/atmos-control/install/mpc_msgs/share/mpc_msgs/cmake/rosidl_cmake_export_typesupport_libraries-extras.cmake
[9.780s] -- Installing: /home/schmelz/atmos-control/install/mpc_msgs/share/mpc_msgs/cmake/mpc_msgsConfig.cmake
[9.780s] -- Installing: /home/schmelz/atmos-control/install/mpc_msgs/share/mpc_msgs/cmake/mpc_msgsConfig-version.cmake
[9.780s] -- Installing: /home/schmelz/atmos-control/install/mpc_msgs/share/mpc_msgs/package.xml
[9.783s] Invoked command in '/home/schmelz/atmos-control/build/mpc_msgs' returned '0': CMAKE_PREFIX_PATH=/opt/ros/humble VIRTUAL_ENV_PROMPT=(ros2_workspace) /usr/bin/cmake --install /home/schmelz/atmos-control/build/mpc_msgs
