running egg_info
writing ../../build/vehicle_mocap_odom/vehicle_mocap_odom.egg-info/PKG-INFO
writing dependency_links to ../../build/vehicle_mocap_odom/vehicle_mocap_odom.egg-info/dependency_links.txt
writing entry points to ../../build/vehicle_mocap_odom/vehicle_mocap_odom.egg-info/entry_points.txt
writing requirements to ../../build/vehicle_mocap_odom/vehicle_mocap_odom.egg-info/requires.txt
writing top-level names to ../../build/vehicle_mocap_odom/vehicle_mocap_odom.egg-info/top_level.txt
reading manifest file '../../build/vehicle_mocap_odom/vehicle_mocap_odom.egg-info/SOURCES.txt'
writing manifest file '../../build/vehicle_mocap_odom/vehicle_mocap_odom.egg-info/SOURCES.txt'
running build
running build_py
copying vehicle_mocap_odom/rc_direct_control.py -> /home/schmelz/atmos-control/build/vehicle_mocap_odom/build/lib/vehicle_mocap_odom
running install
running install_lib
copying /home/schmelz/atmos-control/build/vehicle_mocap_odom/build/lib/vehicle_mocap_odom/rc_direct_control.py -> /home/schmelz/atmos-control/install/vehicle_mocap_odom/lib/python3.10/site-packages/vehicle_mocap_odom
byte-compiling /home/schmelz/atmos-control/install/vehicle_mocap_odom/lib/python3.10/site-packages/vehicle_mocap_odom/rc_direct_control.py to rc_direct_control.cpython-310.pyc
running install_data
running install_egg_info
removing '/home/schmelz/atmos-control/install/vehicle_mocap_odom/lib/python3.10/site-packages/vehicle_mocap_odom-0.0.0-py3.10.egg-info' (and everything under it)
Copying ../../build/vehicle_mocap_odom/vehicle_mocap_odom.egg-info to /home/schmelz/atmos-control/install/vehicle_mocap_odom/lib/python3.10/site-packages/vehicle_mocap_odom-0.0.0-py3.10.egg-info
running install_scripts
Installing rc_direct_control_node script to /home/schmelz/atmos-control/install/vehicle_mocap_odom/lib/vehicle_mocap_odom
Installing vehicle_mocap_odom_node script to /home/schmelz/atmos-control/install/vehicle_mocap_odom/lib/vehicle_mocap_odom
writing list of installed files to '/home/schmelz/atmos-control/build/vehicle_mocap_odom/install.log'
