[1.140s] Invoking command in '/home/schmelz/atmos-control/src/srl_vehicle_mocap_odom': PYTHONPATH=/home/schmelz/atmos-control/build/vehicle_mocap_odom/prefix_override:/usr/lib/python3/dist-packages/colcon_core/task/python/colcon_distutils_commands:/home/schmelz/atmos-control/install/vehicle_mocap_odom/lib/python3.10/site-packages:/home/schmelz/atmos-control/install/px4_msgs/lib/python3.10/site-packages:/home/schmelz/atmos-control/install/vehicle_mocap_odom/lib/python3.10/site-packages:/home/schmelz/atmos-control/install/my-test-package/lib/python3.10/site-packages:/opt/ros/humble/lib/python3.10/site-packages:/opt/ros/humble/local/lib/python3.10/dist-packages /usr/bin/python3 -W ignore:setup.py install is deprecated -W ignore:easy_install command is deprecated setup.py egg_info --egg-base ../../build/vehicle_mocap_odom build --build-base /home/schmelz/atmos-control/build/vehicle_mocap_odom/build install --record /home/schmelz/atmos-control/build/vehicle_mocap_odom/install.log --single-version-externally-managed install_data
[1.402s] running egg_info
[1.403s] writing ../../build/vehicle_mocap_odom/vehicle_mocap_odom.egg-info/PKG-INFO
[1.404s] writing dependency_links to ../../build/vehicle_mocap_odom/vehicle_mocap_odom.egg-info/dependency_links.txt
[1.404s] writing entry points to ../../build/vehicle_mocap_odom/vehicle_mocap_odom.egg-info/entry_points.txt
[1.404s] writing requirements to ../../build/vehicle_mocap_odom/vehicle_mocap_odom.egg-info/requires.txt
[1.404s] writing top-level names to ../../build/vehicle_mocap_odom/vehicle_mocap_odom.egg-info/top_level.txt
[1.407s] reading manifest file '../../build/vehicle_mocap_odom/vehicle_mocap_odom.egg-info/SOURCES.txt'
[1.407s] writing manifest file '../../build/vehicle_mocap_odom/vehicle_mocap_odom.egg-info/SOURCES.txt'
[1.418s] running build
[1.418s] running build_py
[1.419s] copying vehicle_mocap_odom/rc_direct_control.py -> /home/schmelz/atmos-control/build/vehicle_mocap_odom/build/lib/vehicle_mocap_odom
[1.419s] running install
[1.419s] running install_lib
[1.421s] copying /home/schmelz/atmos-control/build/vehicle_mocap_odom/build/lib/vehicle_mocap_odom/rc_direct_control.py -> /home/schmelz/atmos-control/install/vehicle_mocap_odom/lib/python3.10/site-packages/vehicle_mocap_odom
[1.423s] byte-compiling /home/schmelz/atmos-control/install/vehicle_mocap_odom/lib/python3.10/site-packages/vehicle_mocap_odom/rc_direct_control.py to rc_direct_control.cpython-310.pyc
[1.425s] running install_data
[1.425s] running install_egg_info
[1.427s] removing '/home/schmelz/atmos-control/install/vehicle_mocap_odom/lib/python3.10/site-packages/vehicle_mocap_odom-0.0.0-py3.10.egg-info' (and everything under it)
[1.428s] Copying ../../build/vehicle_mocap_odom/vehicle_mocap_odom.egg-info to /home/schmelz/atmos-control/install/vehicle_mocap_odom/lib/python3.10/site-packages/vehicle_mocap_odom-0.0.0-py3.10.egg-info
[1.430s] running install_scripts
[1.453s] Installing rc_direct_control_node script to /home/schmelz/atmos-control/install/vehicle_mocap_odom/lib/vehicle_mocap_odom
[1.454s] Installing vehicle_mocap_odom_node script to /home/schmelz/atmos-control/install/vehicle_mocap_odom/lib/vehicle_mocap_odom
[1.454s] writing list of installed files to '/home/schmelz/atmos-control/build/vehicle_mocap_odom/install.log'
[1.491s] Invoked command in '/home/schmelz/atmos-control/src/srl_vehicle_mocap_odom' returned '0': PYTHONPATH=/home/schmelz/atmos-control/build/vehicle_mocap_odom/prefix_override:/usr/lib/python3/dist-packages/colcon_core/task/python/colcon_distutils_commands:/home/schmelz/atmos-control/install/vehicle_mocap_odom/lib/python3.10/site-packages:/home/schmelz/atmos-control/install/px4_msgs/lib/python3.10/site-packages:/home/schmelz/atmos-control/install/vehicle_mocap_odom/lib/python3.10/site-packages:/home/schmelz/atmos-control/install/my-test-package/lib/python3.10/site-packages:/opt/ros/humble/lib/python3.10/site-packages:/opt/ros/humble/local/lib/python3.10/dist-packages /usr/bin/python3 -W ignore:setup.py install is deprecated -W ignore:easy_install command is deprecated setup.py egg_info --egg-base ../../build/vehicle_mocap_odom build --build-base /home/schmelz/atmos-control/build/vehicle_mocap_odom/build install --record /home/schmelz/atmos-control/build/vehicle_mocap_odom/install.log --single-version-externally-managed install_data
