/home/schmelz/atmos-control/install/px4_mpc/lib/python3.10/site-packages/px4_mpc/visualization.py
/home/schmelz/atmos-control/install/px4_mpc/lib/python3.10/site-packages/px4_mpc/test_multirotor_rate_ocp.py
/home/schmelz/atmos-control/install/px4_mpc/lib/python3.10/site-packages/px4_mpc/mpc_spacecraft.py
/home/schmelz/atmos-control/install/px4_mpc/lib/python3.10/site-packages/px4_mpc/test_multirotor_rate_closedloop.py
/home/schmelz/atmos-control/install/px4_mpc/lib/python3.10/site-packages/px4_mpc/rviz_pos_marker.py
/home/schmelz/atmos-control/install/px4_mpc/lib/python3.10/site-packages/px4_mpc/mpc_quadrotor.py
/home/schmelz/atmos-control/install/px4_mpc/lib/python3.10/site-packages/px4_mpc/__init__.py
/home/schmelz/atmos-control/install/px4_mpc/lib/python3.10/site-packages/px4_mpc/controllers/spacecraft_rate_mpc.py
/home/schmelz/atmos-control/install/px4_mpc/lib/python3.10/site-packages/px4_mpc/controllers/spacecraft_wrench_mpc.py
/home/schmelz/atmos-control/install/px4_mpc/lib/python3.10/site-packages/px4_mpc/controllers/spacecraft_offset_free_wrench_mpc.py
/home/schmelz/atmos-control/install/px4_mpc/lib/python3.10/site-packages/px4_mpc/controllers/multirotor_rate_mpc.py
/home/schmelz/atmos-control/install/px4_mpc/lib/python3.10/site-packages/px4_mpc/controllers/spacecraft_direct_allocation_mpc.py
/home/schmelz/atmos-control/install/px4_mpc/lib/python3.10/site-packages/px4_mpc/controllers/spacecraft_wrench_lqr.py
/home/schmelz/atmos-control/install/px4_mpc/lib/python3.10/site-packages/px4_mpc/controllers/__init__.py
/home/schmelz/atmos-control/install/px4_mpc/lib/python3.10/site-packages/px4_mpc/test/test_copyright.py
/home/schmelz/atmos-control/install/px4_mpc/lib/python3.10/site-packages/px4_mpc/test/test_setpoints.py
/home/schmelz/atmos-control/install/px4_mpc/lib/python3.10/site-packages/px4_mpc/test/test_pep257.py
/home/schmelz/atmos-control/install/px4_mpc/lib/python3.10/site-packages/px4_mpc/test/test_flake8.py
/home/schmelz/atmos-control/install/px4_mpc/lib/python3.10/site-packages/px4_mpc/test/__init__.py
/home/schmelz/atmos-control/install/px4_mpc/lib/python3.10/site-packages/px4_mpc/models/spacecraft_rate_model.py
/home/schmelz/atmos-control/install/px4_mpc/lib/python3.10/site-packages/px4_mpc/models/spacecraft_wrench_model.py
/home/schmelz/atmos-control/install/px4_mpc/lib/python3.10/site-packages/px4_mpc/models/multirotor_rate_model.py
/home/schmelz/atmos-control/install/px4_mpc/lib/python3.10/site-packages/px4_mpc/models/spacecraft_direct_allocation_model.py
/home/schmelz/atmos-control/install/px4_mpc/lib/python3.10/site-packages/px4_mpc/models/__init__.py
/home/schmelz/atmos-control/install/px4_mpc/lib/python3.10/site-packages/px4_mpc/simulation/basic_environment.py
/home/schmelz/atmos-control/install/px4_mpc/lib/python3.10/site-packages/px4_mpc/simulation/__init__.py
/home/schmelz/atmos-control/install/px4_mpc/lib/python3.10/site-packages/px4_mpc/__pycache__/visualization.cpython-310.pyc
/home/schmelz/atmos-control/install/px4_mpc/lib/python3.10/site-packages/px4_mpc/__pycache__/test_multirotor_rate_ocp.cpython-310.pyc
/home/schmelz/atmos-control/install/px4_mpc/lib/python3.10/site-packages/px4_mpc/__pycache__/mpc_spacecraft.cpython-310.pyc
/home/schmelz/atmos-control/install/px4_mpc/lib/python3.10/site-packages/px4_mpc/__pycache__/test_multirotor_rate_closedloop.cpython-310.pyc
/home/schmelz/atmos-control/install/px4_mpc/lib/python3.10/site-packages/px4_mpc/__pycache__/rviz_pos_marker.cpython-310.pyc
/home/schmelz/atmos-control/install/px4_mpc/lib/python3.10/site-packages/px4_mpc/__pycache__/mpc_quadrotor.cpython-310.pyc
/home/schmelz/atmos-control/install/px4_mpc/lib/python3.10/site-packages/px4_mpc/__pycache__/__init__.cpython-310.pyc
/home/schmelz/atmos-control/install/px4_mpc/lib/python3.10/site-packages/px4_mpc/controllers/__pycache__/spacecraft_rate_mpc.cpython-310.pyc
/home/schmelz/atmos-control/install/px4_mpc/lib/python3.10/site-packages/px4_mpc/controllers/__pycache__/spacecraft_wrench_mpc.cpython-310.pyc
/home/schmelz/atmos-control/install/px4_mpc/lib/python3.10/site-packages/px4_mpc/controllers/__pycache__/spacecraft_offset_free_wrench_mpc.cpython-310.pyc
/home/schmelz/atmos-control/install/px4_mpc/lib/python3.10/site-packages/px4_mpc/controllers/__pycache__/multirotor_rate_mpc.cpython-310.pyc
/home/schmelz/atmos-control/install/px4_mpc/lib/python3.10/site-packages/px4_mpc/controllers/__pycache__/spacecraft_direct_allocation_mpc.cpython-310.pyc
/home/schmelz/atmos-control/install/px4_mpc/lib/python3.10/site-packages/px4_mpc/controllers/__pycache__/spacecraft_wrench_lqr.cpython-310.pyc
/home/schmelz/atmos-control/install/px4_mpc/lib/python3.10/site-packages/px4_mpc/controllers/__pycache__/__init__.cpython-310.pyc
/home/schmelz/atmos-control/install/px4_mpc/lib/python3.10/site-packages/px4_mpc/test/__pycache__/test_copyright.cpython-310.pyc
/home/schmelz/atmos-control/install/px4_mpc/lib/python3.10/site-packages/px4_mpc/test/__pycache__/test_setpoints.cpython-310.pyc
/home/schmelz/atmos-control/install/px4_mpc/lib/python3.10/site-packages/px4_mpc/test/__pycache__/test_pep257.cpython-310.pyc
/home/schmelz/atmos-control/install/px4_mpc/lib/python3.10/site-packages/px4_mpc/test/__pycache__/test_flake8.cpython-310.pyc
/home/schmelz/atmos-control/install/px4_mpc/lib/python3.10/site-packages/px4_mpc/test/__pycache__/__init__.cpython-310.pyc
/home/schmelz/atmos-control/install/px4_mpc/lib/python3.10/site-packages/px4_mpc/models/__pycache__/spacecraft_rate_model.cpython-310.pyc
/home/schmelz/atmos-control/install/px4_mpc/lib/python3.10/site-packages/px4_mpc/models/__pycache__/spacecraft_wrench_model.cpython-310.pyc
/home/schmelz/atmos-control/install/px4_mpc/lib/python3.10/site-packages/px4_mpc/models/__pycache__/multirotor_rate_model.cpython-310.pyc
/home/schmelz/atmos-control/install/px4_mpc/lib/python3.10/site-packages/px4_mpc/models/__pycache__/spacecraft_direct_allocation_model.cpython-310.pyc
/home/schmelz/atmos-control/install/px4_mpc/lib/python3.10/site-packages/px4_mpc/models/__pycache__/__init__.cpython-310.pyc
/home/schmelz/atmos-control/install/px4_mpc/lib/python3.10/site-packages/px4_mpc/simulation/__pycache__/basic_environment.cpython-310.pyc
/home/schmelz/atmos-control/install/px4_mpc/lib/python3.10/site-packages/px4_mpc/simulation/__pycache__/__init__.cpython-310.pyc
/home/schmelz/atmos-control/install/px4_mpc/share/ament_index/resource_index/packages/px4_mpc
/home/schmelz/atmos-control/install/px4_mpc/share/px4_mpc/package.xml
/home/schmelz/atmos-control/install/px4_mpc/share/px4_mpc/mpc_quadrotor_launch.py
/home/schmelz/atmos-control/install/px4_mpc/share/px4_mpc/mpc_spacecraft_launch.py
/home/schmelz/atmos-control/install/px4_mpc/share/px4_mpc/config.rviz
/home/schmelz/atmos-control/install/px4_mpc/lib/python3.10/site-packages/px4_mpc-0.0.0-py3.10.egg-info/SOURCES.txt
/home/schmelz/atmos-control/install/px4_mpc/lib/python3.10/site-packages/px4_mpc-0.0.0-py3.10.egg-info/entry_points.txt
/home/schmelz/atmos-control/install/px4_mpc/lib/python3.10/site-packages/px4_mpc-0.0.0-py3.10.egg-info/requires.txt
/home/schmelz/atmos-control/install/px4_mpc/lib/python3.10/site-packages/px4_mpc-0.0.0-py3.10.egg-info/dependency_links.txt
/home/schmelz/atmos-control/install/px4_mpc/lib/python3.10/site-packages/px4_mpc-0.0.0-py3.10.egg-info/top_level.txt
/home/schmelz/atmos-control/install/px4_mpc/lib/python3.10/site-packages/px4_mpc-0.0.0-py3.10.egg-info/PKG-INFO
/home/schmelz/atmos-control/install/px4_mpc/lib/python3.10/site-packages/px4_mpc-0.0.0-py3.10.egg-info/zip-safe
/home/schmelz/atmos-control/install/px4_mpc/lib/px4_mpc/mpc_quadrotor
/home/schmelz/atmos-control/install/px4_mpc/lib/px4_mpc/mpc_spacecraft
/home/schmelz/atmos-control/install/px4_mpc/lib/px4_mpc/rviz_pos_marker
/home/schmelz/atmos-control/install/px4_mpc/lib/px4_mpc/test_setpoints
