running egg_info
creating ../../build/vehicle_mocap_odom/vehicle_mocap_odom.egg-info
writing ../../build/vehicle_mocap_odom/vehicle_mocap_odom.egg-info/PKG-INFO
writing dependency_links to ../../build/vehicle_mocap_odom/vehicle_mocap_odom.egg-info/dependency_links.txt
writing entry points to ../../build/vehicle_mocap_odom/vehicle_mocap_odom.egg-info/entry_points.txt
writing requirements to ../../build/vehicle_mocap_odom/vehicle_mocap_odom.egg-info/requires.txt
writing top-level names to ../../build/vehicle_mocap_odom/vehicle_mocap_odom.egg-info/top_level.txt
writing manifest file '../../build/vehicle_mocap_odom/vehicle_mocap_odom.egg-info/SOURCES.txt'
reading manifest file '../../build/vehicle_mocap_odom/vehicle_mocap_odom.egg-info/SOURCES.txt'
writing manifest file '../../build/vehicle_mocap_odom/vehicle_mocap_odom.egg-info/SOURCES.txt'
running build
running build_py
creating /home/schmelz/atmos-control/build/vehicle_mocap_odom/build
creating /home/schmelz/atmos-control/build/vehicle_mocap_odom/build/lib
creating /home/schmelz/atmos-control/build/vehicle_mocap_odom/build/lib/vehicle_mocap_odom
copying vehicle_mocap_odom/vehicle_mocap_odom.py -> /home/schmelz/atmos-control/build/vehicle_mocap_odom/build/lib/vehicle_mocap_odom
copying vehicle_mocap_odom/__init__.py -> /home/schmelz/atmos-control/build/vehicle_mocap_odom/build/lib/vehicle_mocap_odom
running install
running install_lib
creating /home/schmelz/atmos-control/install/vehicle_mocap_odom/lib/python3.10/site-packages/vehicle_mocap_odom
copying /home/schmelz/atmos-control/build/vehicle_mocap_odom/build/lib/vehicle_mocap_odom/vehicle_mocap_odom.py -> /home/schmelz/atmos-control/install/vehicle_mocap_odom/lib/python3.10/site-packages/vehicle_mocap_odom
copying /home/schmelz/atmos-control/build/vehicle_mocap_odom/build/lib/vehicle_mocap_odom/__init__.py -> /home/schmelz/atmos-control/install/vehicle_mocap_odom/lib/python3.10/site-packages/vehicle_mocap_odom
byte-compiling /home/schmelz/atmos-control/install/vehicle_mocap_odom/lib/python3.10/site-packages/vehicle_mocap_odom/vehicle_mocap_odom.py to vehicle_mocap_odom.cpython-310.pyc
byte-compiling /home/schmelz/atmos-control/install/vehicle_mocap_odom/lib/python3.10/site-packages/vehicle_mocap_odom/__init__.py to __init__.cpython-310.pyc
running install_data
creating /home/schmelz/atmos-control/install/vehicle_mocap_odom/share/ament_index
creating /home/schmelz/atmos-control/install/vehicle_mocap_odom/share/ament_index/resource_index
creating /home/schmelz/atmos-control/install/vehicle_mocap_odom/share/ament_index/resource_index/packages
copying resource/vehicle_mocap_odom -> /home/schmelz/atmos-control/install/vehicle_mocap_odom/share/ament_index/resource_index/packages
copying package.xml -> /home/schmelz/atmos-control/install/vehicle_mocap_odom/share/vehicle_mocap_odom
running install_egg_info
Copying ../../build/vehicle_mocap_odom/vehicle_mocap_odom.egg-info to /home/schmelz/atmos-control/install/vehicle_mocap_odom/lib/python3.10/site-packages/vehicle_mocap_odom-0.0.0-py3.10.egg-info
running install_scripts
Installing vehicle_mocap_odom_node script to /home/schmelz/atmos-control/install/vehicle_mocap_odom/lib/vehicle_mocap_odom
writing list of installed files to '/home/schmelz/atmos-control/build/vehicle_mocap_odom/install.log'
