[1.126s] Invoking command in '/home/schmelz/atmos-control/src/srl_vehicle_mocap_odom': AMENT_PREFIX_PATH=/home/schmelz/atmos-control/install/px4_msgs:${AMENT_PREFIX_PATH} CMAKE_PREFIX_PATH=/home/schmelz/atmos-control/install/px4_msgs LD_LIBRARY_PATH=/home/schmelz/atmos-control/install/px4_msgs/lib:${LD_LIBRARY_PATH} PYTHONPATH=/home/schmelz/atmos-control/build/vehicle_mocap_odom/prefix_override:/home/schmelz/atmos-control/ros2_workspace/lib/python3.10/site-packages/colcon_core/task/python/colcon_distutils_commands:/home/schmelz/atmos-control/install/vehicle_mocap_odom/lib/python3.10/site-packages:/home/schmelz/atmos-control/install/px4_msgs/lib/python3.10/site-packages:${PYTHONPATH} VIRTUAL_ENV_PROMPT=(ros2_workspace) /home/schmelz/atmos-control/ros2_workspace/bin/python3.10 -W ignore:setup.py install is deprecated -W ignore:easy_install command is deprecated setup.py egg_info --egg-base ../../build/vehicle_mocap_odom build --build-base /home/schmelz/atmos-control/build/vehicle_mocap_odom/build install --record /home/schmelz/atmos-control/build/vehicle_mocap_odom/install.log --single-version-externally-managed install_data
[1.349s] running egg_info
[1.350s] creating ../../build/vehicle_mocap_odom/vehicle_mocap_odom.egg-info
[1.350s] writing ../../build/vehicle_mocap_odom/vehicle_mocap_odom.egg-info/PKG-INFO
[1.351s] writing dependency_links to ../../build/vehicle_mocap_odom/vehicle_mocap_odom.egg-info/dependency_links.txt
[1.351s] writing entry points to ../../build/vehicle_mocap_odom/vehicle_mocap_odom.egg-info/entry_points.txt
[1.351s] writing requirements to ../../build/vehicle_mocap_odom/vehicle_mocap_odom.egg-info/requires.txt
[1.351s] writing top-level names to ../../build/vehicle_mocap_odom/vehicle_mocap_odom.egg-info/top_level.txt
[1.352s] writing manifest file '../../build/vehicle_mocap_odom/vehicle_mocap_odom.egg-info/SOURCES.txt'
[1.354s] reading manifest file '../../build/vehicle_mocap_odom/vehicle_mocap_odom.egg-info/SOURCES.txt'
[1.355s] writing manifest file '../../build/vehicle_mocap_odom/vehicle_mocap_odom.egg-info/SOURCES.txt'
[1.356s] running build
[1.358s] running build_py
[1.359s] creating /home/schmelz/atmos-control/build/vehicle_mocap_odom/build
[1.359s] creating /home/schmelz/atmos-control/build/vehicle_mocap_odom/build/lib
[1.359s] creating /home/schmelz/atmos-control/build/vehicle_mocap_odom/build/lib/vehicle_mocap_odom
[1.359s] copying vehicle_mocap_odom/vehicle_mocap_odom.py -> /home/schmelz/atmos-control/build/vehicle_mocap_odom/build/lib/vehicle_mocap_odom
[1.359s] copying vehicle_mocap_odom/__init__.py -> /home/schmelz/atmos-control/build/vehicle_mocap_odom/build/lib/vehicle_mocap_odom
[1.359s] running install
[1.359s] running install_lib
[1.360s] creating /home/schmelz/atmos-control/install/vehicle_mocap_odom/lib/python3.10/site-packages/vehicle_mocap_odom
[1.360s] copying /home/schmelz/atmos-control/build/vehicle_mocap_odom/build/lib/vehicle_mocap_odom/vehicle_mocap_odom.py -> /home/schmelz/atmos-control/install/vehicle_mocap_odom/lib/python3.10/site-packages/vehicle_mocap_odom
[1.360s] copying /home/schmelz/atmos-control/build/vehicle_mocap_odom/build/lib/vehicle_mocap_odom/__init__.py -> /home/schmelz/atmos-control/install/vehicle_mocap_odom/lib/python3.10/site-packages/vehicle_mocap_odom
[1.360s] byte-compiling /home/schmelz/atmos-control/install/vehicle_mocap_odom/lib/python3.10/site-packages/vehicle_mocap_odom/vehicle_mocap_odom.py to vehicle_mocap_odom.cpython-310.pyc
[1.362s] byte-compiling /home/schmelz/atmos-control/install/vehicle_mocap_odom/lib/python3.10/site-packages/vehicle_mocap_odom/__init__.py to __init__.cpython-310.pyc
[1.362s] running install_data
[1.362s] creating /home/schmelz/atmos-control/install/vehicle_mocap_odom/share/ament_index
[1.363s] creating /home/schmelz/atmos-control/install/vehicle_mocap_odom/share/ament_index/resource_index
[1.363s] creating /home/schmelz/atmos-control/install/vehicle_mocap_odom/share/ament_index/resource_index/packages
[1.363s] copying resource/vehicle_mocap_odom -> /home/schmelz/atmos-control/install/vehicle_mocap_odom/share/ament_index/resource_index/packages
[1.363s] copying package.xml -> /home/schmelz/atmos-control/install/vehicle_mocap_odom/share/vehicle_mocap_odom
[1.363s] running install_egg_info
[1.365s] Copying ../../build/vehicle_mocap_odom/vehicle_mocap_odom.egg-info to /home/schmelz/atmos-control/install/vehicle_mocap_odom/lib/python3.10/site-packages/vehicle_mocap_odom-0.0.0-py3.10.egg-info
[1.366s] running install_scripts
[1.386s] Installing vehicle_mocap_odom_node script to /home/schmelz/atmos-control/install/vehicle_mocap_odom/lib/vehicle_mocap_odom
[1.387s] writing list of installed files to '/home/schmelz/atmos-control/build/vehicle_mocap_odom/install.log'
[1.417s] Invoked command in '/home/schmelz/atmos-control/src/srl_vehicle_mocap_odom' returned '0': AMENT_PREFIX_PATH=/home/schmelz/atmos-control/install/px4_msgs:${AMENT_PREFIX_PATH} CMAKE_PREFIX_PATH=/home/schmelz/atmos-control/install/px4_msgs LD_LIBRARY_PATH=/home/schmelz/atmos-control/install/px4_msgs/lib:${LD_LIBRARY_PATH} PYTHONPATH=/home/schmelz/atmos-control/build/vehicle_mocap_odom/prefix_override:/home/schmelz/atmos-control/ros2_workspace/lib/python3.10/site-packages/colcon_core/task/python/colcon_distutils_commands:/home/schmelz/atmos-control/install/vehicle_mocap_odom/lib/python3.10/site-packages:/home/schmelz/atmos-control/install/px4_msgs/lib/python3.10/site-packages:${PYTHONPATH} VIRTUAL_ENV_PROMPT=(ros2_workspace) /home/schmelz/atmos-control/ros2_workspace/bin/python3.10 -W ignore:setup.py install is deprecated -W ignore:easy_install command is deprecated setup.py egg_info --egg-base ../../build/vehicle_mocap_odom build --build-base /home/schmelz/atmos-control/build/vehicle_mocap_odom/build install --record /home/schmelz/atmos-control/build/vehicle_mocap_odom/install.log --single-version-externally-managed install_data
