[1.149s] Invoking command in '/home/schmelz/atmos-control/build/vehicle_mocap_odom': AMENT_PREFIX_PATH=/home/schmelz/atmos-control/install/px4_msgs:${AMENT_PREFIX_PATH} CMAKE_PREFIX_PATH=/home/schmelz/atmos-control/install/px4_msgs LD_LIBRARY_PATH=/home/schmelz/atmos-control/install/px4_msgs/lib:${LD_LIBRARY_PATH} PYTHONPATH=/home/schmelz/atmos-control/build/vehicle_mocap_odom/prefix_override:/usr/lib/python3/dist-packages/colcon_core/task/python/colcon_distutils_commands:/home/schmelz/atmos-control/install/vehicle_mocap_odom/lib/python3.10/site-packages:/home/schmelz/atmos-control/install/px4_msgs/lib/python3.10/site-packages:${PYTHONPATH} /usr/bin/python3 -W ignore:setup.py install is deprecated -W ignore:easy_install command is deprecated setup.py develop --editable --build-directory /home/schmelz/atmos-control/build/vehicle_mocap_odom/build --no-deps symlink_data
[1.403s] running develop
[1.530s] running egg_info
[1.530s] writing vehicle_mocap_odom.egg-info/PKG-INFO
[1.544s] writing dependency_links to vehicle_mocap_odom.egg-info/dependency_links.txt
[1.545s] writing entry points to vehicle_mocap_odom.egg-info/entry_points.txt
[1.545s] writing requirements to vehicle_mocap_odom.egg-info/requires.txt
[1.545s] writing top-level names to vehicle_mocap_odom.egg-info/top_level.txt
[1.547s] reading manifest file 'vehicle_mocap_odom.egg-info/SOURCES.txt'
[1.548s] writing manifest file 'vehicle_mocap_odom.egg-info/SOURCES.txt'
[1.549s] running build_ext
[1.549s] Creating /home/schmelz/atmos-control/install/vehicle_mocap_odom/lib/python3.10/site-packages/vehicle-mocap-odom.egg-link (link to .)
[1.550s] Installing autonomous_control_node script to /home/schmelz/atmos-control/install/vehicle_mocap_odom/lib/vehicle_mocap_odom
[1.551s] Installing open_loop_sequence_node script to /home/schmelz/atmos-control/install/vehicle_mocap_odom/lib/vehicle_mocap_odom
[1.551s] Installing rc_direct_control_node script to /home/schmelz/atmos-control/install/vehicle_mocap_odom/lib/vehicle_mocap_odom
[1.552s] Installing vehicle_mocap_odom_node script to /home/schmelz/atmos-control/install/vehicle_mocap_odom/lib/vehicle_mocap_odom
[1.552s] 
[1.552s] Installed /home/schmelz/atmos-control/build/vehicle_mocap_odom
[1.552s] running symlink_data
[1.583s] Invoked command in '/home/schmelz/atmos-control/build/vehicle_mocap_odom' returned '0': AMENT_PREFIX_PATH=/home/schmelz/atmos-control/install/px4_msgs:${AMENT_PREFIX_PATH} CMAKE_PREFIX_PATH=/home/schmelz/atmos-control/install/px4_msgs LD_LIBRARY_PATH=/home/schmelz/atmos-control/install/px4_msgs/lib:${LD_LIBRARY_PATH} PYTHONPATH=/home/schmelz/atmos-control/build/vehicle_mocap_odom/prefix_override:/usr/lib/python3/dist-packages/colcon_core/task/python/colcon_distutils_commands:/home/schmelz/atmos-control/install/vehicle_mocap_odom/lib/python3.10/site-packages:/home/schmelz/atmos-control/install/px4_msgs/lib/python3.10/site-packages:${PYTHONPATH} /usr/bin/python3 -W ignore:setup.py install is deprecated -W ignore:easy_install command is deprecated setup.py develop --editable --build-directory /home/schmelz/atmos-control/build/vehicle_mocap_odom/build --no-deps symlink_data
